0 info it worked if it ends with ok
1 verbose cli [ 'node', '/usr/local/bin/npm', 'start' ]
2 info using npm@2.13.0
3 info using node@v0.10.35
4 verbose node symlink /usr/local/bin/node
5 verbose run-script [ 'prestart', 'start', 'poststart' ]
6 info prestart Steamroom@0.0.0
7 verbose unsafe-perm in lifecycle true
8 info Steamroom@0.0.0 Failed to exec prestart script
9 verbose stack Error: Steamroom@0.0.0 prestart: `npm install`
9 verbose stack Exit status 3
9 verbose stack     at EventEmitter.<anonymous> (/usr/local/lib/node_modules/npm/lib/utils/lifecycle.js:213:16)
9 verbose stack     at EventEmitter.emit (events.js:98:17)
9 verbose stack     at ChildProcess.<anonymous> (/usr/local/lib/node_modules/npm/lib/utils/spawn.js:24:14)
9 verbose stack     at ChildProcess.emit (events.js:98:17)
9 verbose stack     at maybeClose (child_process.js:766:16)
9 verbose stack     at Process.ChildProcess._handle.onexit (child_process.js:833:5)
10 verbose pkgid Steamroom@0.0.0
11 verbose cwd /home/naw7961/SteamRoom
12 error OpenBSD 5.7
13 error argv "node" "/usr/local/bin/npm" "start"
14 error node v0.10.35
15 error npm  v2.13.0
16 error code ELIFECYCLE
17 error Steamroom@0.0.0 prestart: `npm install`
17 error Exit status 3
18 error Failed at the Steamroom@0.0.0 prestart script 'npm install'.
18 error This is most likely a problem with the Steamroom package,
18 error not with npm itself.
18 error Tell the author that this fails on your system:
18 error     npm install
18 error You can get their info via:
18 error     npm owner ls Steamroom
18 error There is likely additional logging output above.
19 verbose exit [ 1, true ]
